* using log directory ‘/Users/ryangallagher/Desktop/KNN_R/KNN_PACKAGE/..Rcheck’
* using R version 4.4.2 (2024-10-31)
* using platform: x86_64-apple-darwin23.6.0
* R was compiled by
    Apple clang version 16.0.0 (clang-1600.0.26.4)
    GNU Fortran (Homebrew GCC 14.2.0_1) 14.2.0
* running under: macOS Sequoia 15.3.2
* using session charset: UTF-8
* checking for file ‘./DESCRIPTION’ ... OK
* this is package ‘CWUKNN’ version ‘0.1.0’
* package encoding: UTF-8
* checking package namespace information ... OK
* checking package dependencies ... OK
* checking if this is a source package ... WARNING
Subdirectory ‘CWUKNN/src’ contains apparent object files/libraries
  /Users/ryangallagher/Desktop/KNN_R/KNN_PACKAGE/src/CPP_KNN.o
  /Users/ryangallagher/Desktop/KNN_R/KNN_PACKAGE/src/CWUKNN.so
  /Users/ryangallagher/Desktop/KNN_R/KNN_PACKAGE/src/OpenCL_KNN.o
  /Users/ryangallagher/Desktop/KNN_R/KNN_PACKAGE/src/RcppExports.o
  /Users/ryangallagher/Desktop/KNN_R/KNN_PACKAGE/src/library.o
Object files/libraries should not be included in a source package.
* checking if there is a namespace ... OK
* checking for executable files ... OK
* checking for hidden files and directories ... NOTE
Found the following hidden files and directories:
  ..Rcheck
These were most likely included in error. See section ‘Package
structure’ in the ‘Writing R Extensions’ manual.
* checking for portable file names ... OK
* checking for sufficient/correct file permissions ... OK
* checking whether package ‘CWUKNN’ can be installed ... OK
* used C compiler: ‘Apple clang version 16.0.0 (clang-1600.0.26.6)’
* used SDK: ‘MacOSX15.2.sdk’
* used C++ compiler: ‘Apple clang version 16.0.0 (clang-1600.0.26.6)’
* checking installed package size ... OK
* checking package directory ... OK
* checking DESCRIPTION meta-information ... NOTE
Checking should be performed on sources prepared by ‘R CMD build’.
* checking top-level files ... OK
* checking for left-over files ... OK
* checking index information ... OK
* checking package subdirectories ... WARNING
Found the following directory with the name of a check directory:
  ./..Rcheck
Most likely, these were included erroneously.
* checking code files for non-ASCII characters ... OK
* checking R files for syntax errors ... OK
* checking whether the package can be loaded ... OK
* checking whether the package can be loaded with stated dependencies ... OK
* checking whether the package can be unloaded cleanly ... OK
* checking whether the namespace can be loaded with stated dependencies ... OK
* checking whether the namespace can be unloaded cleanly ... OK
* checking loading without being on the library search path ... OK
* checking whether startup messages can be suppressed ... OK
* checking dependencies in R code ... OK
* checking S3 generic/method consistency ... OK
* checking replacement functions ... OK
* checking foreign function calls ... OK
* checking R code for possible problems ... OK
* checking Rd files ... OK
* checking Rd metadata ... OK
* checking Rd cross-references ... OK
* checking for missing documentation entries ... WARNING
Undocumented code objects:
  ‘KNN’
All user-level objects in a package should have documentation entries.
See chapter ‘Writing R documentation files’ in the ‘Writing R
Extensions’ manual.
* checking for code/documentation mismatches ... OK
* checking Rd \usage sections ... OK
* checking Rd contents ... OK
* checking for unstated dependencies in examples ... OK
* checking line endings in shell scripts ... OK
* checking line endings in C/C++/Fortran sources/headers ... NOTE
Found the following sources/headers with CR or CRLF line endings:
  src/CPP_KNN.cpp
  src/OpenCL_KNN.cpp
  src/library.cpp
  src/library.h
Some Unix compilers require LF line endings.
* checking line endings in Makefiles ... OK
* checking compilation flags in Makevars ... OK
* checking for GNU extensions in Makefiles ... OK
* checking for portable use of $(BLAS_LIBS) and $(LAPACK_LIBS) ... OK
* checking use of PKG_*FLAGS in Makefiles ... OK
* checking compiled code ... OK
* checking examples ... NONE
* checking PDF version of manual ... OK
* DONE
Status: 3 WARNINGs, 3 NOTEs
